mode: set
FactFinder/emulator/qusb2snes/client.go:43.34,60.2 1 0
FactFinder/emulator/qusb2snes/client.go:69.32,74.2 1 0
FactFinder/emulator/qusb2snes/client.go:101.65,105.2 1 0
FactFinder/emulator/qusb2snes/client.go:107.34,109.6 2 0
FactFinder/emulator/qusb2snes/client.go:109.6,110.40 1 0
FactFinder/emulator/qusb2snes/client.go:110.40,111.9 1 0
FactFinder/emulator/qusb2snes/client.go:112.9,114.4 1 0
FactFinder/emulator/qusb2snes/client.go:117.2,118.16 2 0
FactFinder/emulator/qusb2snes/client.go:118.16,120.3 1 0
FactFinder/emulator/qusb2snes/client.go:122.2,123.16 2 0
FactFinder/emulator/qusb2snes/client.go:123.16,125.3 1 0
FactFinder/emulator/qusb2snes/client.go:127.2,128.16 2 0
FactFinder/emulator/qusb2snes/client.go:128.16,130.3 1 0
FactFinder/emulator/qusb2snes/client.go:132.2,133.12 2 0
FactFinder/emulator/qusb2snes/client.go:136.35,138.2 1 0
FactFinder/emulator/qusb2snes/client.go:140.45,142.2 1 0
FactFinder/emulator/qusb2snes/client.go:144.47,146.16 2 0
FactFinder/emulator/qusb2snes/client.go:146.16,148.3 1 0
FactFinder/emulator/qusb2snes/client.go:149.2,150.16 2 0
FactFinder/emulator/qusb2snes/client.go:150.16,152.3 1 0
FactFinder/emulator/qusb2snes/client.go:153.2,153.29 1 0
FactFinder/emulator/qusb2snes/client.go:153.29,155.3 1 0
FactFinder/emulator/qusb2snes/client.go:156.2,156.30 1 0
FactFinder/emulator/qusb2snes/client.go:159.49,161.16 2 0
FactFinder/emulator/qusb2snes/client.go:161.16,163.3 1 0
FactFinder/emulator/qusb2snes/client.go:164.2,165.16 2 0
FactFinder/emulator/qusb2snes/client.go:165.16,167.3 1 0
FactFinder/emulator/qusb2snes/client.go:168.2,168.27 1 0
FactFinder/emulator/qusb2snes/client.go:171.46,173.2 1 0
FactFinder/emulator/qusb2snes/client.go:175.40,177.16 2 0
FactFinder/emulator/qusb2snes/client.go:177.16,179.3 1 0
FactFinder/emulator/qusb2snes/client.go:180.2,181.16 2 0
FactFinder/emulator/qusb2snes/client.go:181.16,183.3 1 0
FactFinder/emulator/qusb2snes/client.go:184.2,185.19 2 0
FactFinder/emulator/qusb2snes/client.go:185.19,187.3 1 0
FactFinder/emulator/qusb2snes/client.go:188.2,189.19 2 0
FactFinder/emulator/qusb2snes/client.go:189.19,191.3 1 0
FactFinder/emulator/qusb2snes/client.go:192.2,197.8 1 0
FactFinder/emulator/qusb2snes/client.go:200.32,202.2 1 0
FactFinder/emulator/qusb2snes/client.go:204.81,209.26 4 0
FactFinder/emulator/qusb2snes/client.go:209.26,211.16 2 0
FactFinder/emulator/qusb2snes/client.go:211.16,213.4 1 0
FactFinder/emulator/qusb2snes/client.go:216.3,221.20 5 0
FactFinder/emulator/qusb2snes/client.go:223.2,223.65 1 0
FactFinder/emulator/qusb2snes/client.go:223.65,225.3 1 0
FactFinder/emulator/qusb2snes/client.go:227.2,228.28 2 0
FactFinder/emulator/qusb2snes/client.go:228.28,230.17 2 0
FactFinder/emulator/qusb2snes/client.go:230.17,232.4 1 0
FactFinder/emulator/qusb2snes/client.go:233.3,233.34 1 0
FactFinder/emulator/qusb2snes/client.go:236.2,236.28 1 0
FactFinder/emulator/qusb2snes/client.go:236.28,238.3 1 0
FactFinder/emulator/qusb2snes/client.go:240.2,242.26 3 0
FactFinder/emulator/qusb2snes/client.go:242.26,248.17 5 0
FactFinder/emulator/qusb2snes/client.go:248.17,250.4 1 0
FactFinder/emulator/qusb2snes/client.go:251.3,251.23 1 0
FactFinder/emulator/qusb2snes/client.go:254.2,254.17 1 0
FactFinder/emulator/qusb2snes/client.go:257.82,266.16 3 0
FactFinder/emulator/qusb2snes/client.go:266.16,268.3 1 0
FactFinder/emulator/qusb2snes/client.go:269.2,270.12 2 0
FactFinder/emulator/qusb2snes/client.go:273.54,275.16 2 0
FactFinder/emulator/qusb2snes/client.go:275.16,277.3 1 0
FactFinder/emulator/qusb2snes/client.go:278.2,280.16 3 0
FactFinder/emulator/qusb2snes/client.go:280.16,282.3 1 0
FactFinder/emulator/qusb2snes/client.go:283.2,283.21 1 0
FactFinder/emulator/qusb2snes/client.go:286.74,287.11 1 0
FactFinder/emulator/qusb2snes/client.go:288.21,289.18 1 0
FactFinder/emulator/qusb2snes/client.go:289.18,291.4 1 0
FactFinder/emulator/qusb2snes/client.go:292.3,292.55 1 0
FactFinder/emulator/qusb2snes/client.go:294.19,295.18 1 0
FactFinder/emulator/qusb2snes/client.go:295.18,297.4 1 0
FactFinder/emulator/qusb2snes/client.go:298.3,298.62 1 0
FactFinder/emulator/qusb2snes/client.go:300.19,301.18 1 0
FactFinder/emulator/qusb2snes/client.go:301.18,303.4 1 0
FactFinder/emulator/qusb2snes/client.go:304.3,304.65 1 0
FactFinder/emulator/qusb2snes/client.go:306.20,307.18 1 0
FactFinder/emulator/qusb2snes/client.go:307.18,309.4 1 0
FactFinder/emulator/qusb2snes/client.go:310.3,310.87 1 0
FactFinder/emulator/qusb2snes/client.go:312.20,313.18 1 0
FactFinder/emulator/qusb2snes/client.go:313.18,315.4 1 0
FactFinder/emulator/qusb2snes/client.go:316.3,316.91 1 0
FactFinder/emulator/qusb2snes/client.go:318.20,319.18 1 0
FactFinder/emulator/qusb2snes/client.go:319.18,321.4 1 0
FactFinder/emulator/qusb2snes/client.go:322.3,322.87 1 0
FactFinder/emulator/qusb2snes/client.go:324.20,325.18 1 0
FactFinder/emulator/qusb2snes/client.go:325.18,327.4 1 0
FactFinder/emulator/qusb2snes/client.go:328.3,328.91 1 0
FactFinder/emulator/qusb2snes/client.go:330.20,331.18 1 0
FactFinder/emulator/qusb2snes/client.go:331.18,333.4 1 0
FactFinder/emulator/qusb2snes/client.go:334.3,334.79 1 0
FactFinder/emulator/qusb2snes/client.go:336.20,337.18 1 0
FactFinder/emulator/qusb2snes/client.go:337.18,339.4 1 0
FactFinder/emulator/qusb2snes/client.go:340.3,340.84 1 0
FactFinder/emulator/qusb2snes/client.go:342.10,343.54 1 0
FactFinder/emulator/qusb2snes/websocket.go:31.55,37.2 1 0
FactFinder/emulator/qusb2snes/websocket.go:40.44,44.2 3 0
FactFinder/emulator/qusb2snes/websocket.go:46.59,48.35 2 0
FactFinder/emulator/qusb2snes/websocket.go:48.35,51.3 2 0
FactFinder/emulator/qusb2snes/websocket.go:52.2,56.16 4 0
FactFinder/emulator/qusb2snes/websocket.go:56.16,59.3 2 0
FactFinder/emulator/qusb2snes/websocket.go:61.2,61.12 1 0
FactFinder/emulator/qusb2snes/websocket.go:64.63,66.35 2 0
FactFinder/emulator/qusb2snes/websocket.go:66.35,69.3 2 0
FactFinder/emulator/qusb2snes/websocket.go:70.2,74.16 4 0
FactFinder/emulator/qusb2snes/websocket.go:74.16,76.3 1 0
FactFinder/emulator/qusb2snes/websocket.go:77.2,77.21 1 0
FactFinder/emulator/qusb2snes/websocket.go:82.37,83.24 1 0
FactFinder/emulator/qusb2snes/websocket.go:83.24,84.13 1 0
FactFinder/emulator/qusb2snes/websocket.go:84.13,85.8 1 0
FactFinder/emulator/qusb2snes/websocket.go:85.8,87.34 2 0
FactFinder/emulator/qusb2snes/websocket.go:87.34,90.35 1 0
FactFinder/emulator/qusb2snes/websocket.go:90.35,92.7 1 0
FactFinder/emulator/qusb2snes/websocket.go:95.6,95.35 1 0
FactFinder/emulator/qusb2snes/websocket.go:95.36,97.7 0 0
FactFinder/emulator/qusb2snes/websocket.go:97.12,97.27 1 0
FactFinder/emulator/qusb2snes/websocket.go:97.27,99.7 1 0
FactFinder/emulator/qusb2snes/websocket.go:101.6,102.13 2 0
FactFinder/emulator/qusb2snes/websocket.go:103.22,107.13 2 0
FactFinder/emulator/qusb2snes/websocket.go:108.21,109.15 1 0
FactFinder/emulator/qusb2snes/websocket.go:114.5,120.12 5 0
FactFinder/emulator/qusb2snes/websocket.go:121.21,123.12 2 0
FactFinder/emulator/qusb2snes/websocket.go:124.26,125.25 1 0
FactFinder/emulator/qusb2snes/websocket.go:134.35,135.24 1 0
FactFinder/emulator/qusb2snes/websocket.go:135.24,137.3 1 0
FactFinder/emulator/qusb2snes/websocket.go:141.45,142.9 1 0
FactFinder/emulator/qusb2snes/websocket.go:143.35,143.35 0 0
FactFinder/emulator/qusb2snes/websocket.go:144.10,144.10 0 0
FactFinder/emulator/qusb2snes/websocket.go:149.66,150.9 1 0
FactFinder/emulator/qusb2snes/websocket.go:151.18,152.24 1 0
FactFinder/emulator/qusb2snes/websocket.go:153.10,153.10 0 0
FactFinder/emulator/qusb2snes/websocket.go:155.2,156.18 2 0
FactFinder/emulator/qusb2snes/websocket.go:161.45,168.14 6 0
FactFinder/emulator/qusb2snes/websocket.go:168.14,170.3 1 0
FactFinder/emulator/readplan.go:21.56,22.35 1 0
FactFinder/emulator/readplan.go:22.35,24.3 1 0
FactFinder/emulator/readplan.go:26.2,30.16 4 0
FactFinder/emulator/readplan.go:30.16,32.3 1 0
FactFinder/emulator/readplan.go:34.2,35.12 2 0
FactFinder/emulator/readplan.go:56.30,57.24 1 0
FactFinder/emulator/readplan.go:57.24,59.3 1 0
FactFinder/emulator/readplan.go:61.2,61.16 1 0
FactFinder/emulator/readplan.go:62.20,63.11 1 0
FactFinder/emulator/readplan.go:64.16,65.11 1 0
FactFinder/emulator/readplan.go:66.16,67.11 1 0
FactFinder/emulator/readplan.go:68.16,69.11 1 0
FactFinder/emulator/readplan.go:70.10,71.11 1 0
FactFinder/emulator/readplan.go:83.55,86.16 3 0
FactFinder/emulator/readplan.go:86.16,88.3 1 0
FactFinder/emulator/readplan.go:90.2,91.16 2 0
FactFinder/emulator/readplan.go:91.16,93.3 1 0
FactFinder/emulator/readplan.go:95.2,95.35 1 0
FactFinder/emulator/readplan.go:95.35,96.23 1 0
FactFinder/emulator/readplan.go:96.23,98.4 1 0
FactFinder/emulator/readplan.go:101.2,101.17 1 0
FactFinder/repo/jsonfile.go:20.35,22.16 2 0
FactFinder/repo/jsonfile.go:22.16,24.3 1 0
FactFinder/repo/jsonfile.go:26.2,28.16 3 0
FactFinder/repo/jsonfile.go:28.16,30.3 1 0
FactFinder/repo/jsonfile.go:32.2,32.24 1 0
FactFinder/repo/jsonfile.go:35.42,37.16 2 0
FactFinder/repo/jsonfile.go:37.16,39.3 1 0
FactFinder/repo/jsonfile.go:41.2,44.16 3 0
FactFinder/repo/jsonfile.go:44.16,46.3 1 0
FactFinder/repo/jsonfile.go:48.2,50.30 2 0
FactFinder/repo/jsonfile.go:50.30,51.19 1 0
FactFinder/repo/jsonfile.go:51.19,52.12 1 0
FactFinder/repo/jsonfile.go:55.3,61.70 4 0
FactFinder/repo/jsonfile.go:61.70,62.12 1 0
FactFinder/repo/jsonfile.go:66.3,67.17 2 0
FactFinder/repo/jsonfile.go:67.17,69.4 1 0
FactFinder/repo/jsonfile.go:71.3,72.48 2 0
FactFinder/repo/jsonfile.go:72.48,74.4 1 0
FactFinder/repo/jsonfile.go:75.3,75.20 1 0
FactFinder/repo/jsonfile.go:75.20,77.4 1 0
FactFinder/repo/jsonfile.go:79.3,80.17 2 0
FactFinder/repo/jsonfile.go:80.17,82.4 1 0
FactFinder/repo/jsonfile.go:84.3,87.5 1 0
FactFinder/repo/jsonfile.go:90.2,90.17 1 0
FactFinder/repo/jsonfile.go:93.38,95.16 2 0
FactFinder/repo/jsonfile.go:95.16,97.3 1 0
FactFinder/repo/jsonfile.go:98.2,98.30 1 0
FactFinder/emulator/retroarch/client.go:29.43,37.2 2 0
FactFinder/emulator/retroarch/client.go:39.62,41.16 2 0
FactFinder/emulator/retroarch/client.go:41.16,44.3 2 0
FactFinder/emulator/retroarch/client.go:45.2,47.6 2 0
FactFinder/emulator/retroarch/client.go:47.6,49.17 2 0
FactFinder/emulator/retroarch/client.go:49.17,51.12 2 0
FactFinder/emulator/retroarch/client.go:54.3,56.17 3 0
FactFinder/emulator/retroarch/client.go:56.17,58.12 2 0
FactFinder/emulator/retroarch/client.go:61.3,61.12 1 0
FactFinder/emulator/retroarch/client.go:61.12,63.9 2 0
FactFinder/emulator/retroarch/client.go:67.2,68.27 2 0
FactFinder/emulator/retroarch/client.go:71.32,74.19 3 0
FactFinder/emulator/retroarch/client.go:74.19,76.3 1 0
FactFinder/emulator/retroarch/client.go:77.2,77.23 1 0
FactFinder/emulator/retroarch/client.go:80.71,87.2 6 0
FactFinder/emulator/retroarch/client.go:89.83,90.2 1 0
FactFinder/emulator/retroarch/client.go:90.2,92.7 2 0
FactFinder/emulator/retroarch/client.go:92.7,93.52 1 0
FactFinder/emulator/retroarch/client.go:93.52,95.44 2 0
FactFinder/emulator/retroarch/client.go:95.44,96.11 1 0
FactFinder/emulator/retroarch/client.go:98.5,98.20 1 0
FactFinder/emulator/retroarch/client.go:101.3,101.42 1 0
FactFinder/emulator/retroarch/client.go:104.2,106.40 2 0
FactFinder/emulator/retroarch/client.go:106.40,108.33 2 0
FactFinder/emulator/retroarch/client.go:108.33,110.4 1 0
FactFinder/emulator/retroarch/client.go:111.3,111.33 1 0
FactFinder/emulator/retroarch/client.go:111.33,112.22 1 0
FactFinder/emulator/retroarch/client.go:112.22,114.5 1 0
FactFinder/emulator/retroarch/client.go:114.10,116.5 1 0
FactFinder/emulator/retroarch/client.go:119.3,120.16 2 0
FactFinder/emulator/retroarch/client.go:120.16,122.4 1 0
FactFinder/emulator/retroarch/client.go:123.3,125.46 3 0
FactFinder/emulator/retroarch/client.go:125.46,130.4 4 0
FactFinder/emulator/retroarch/client.go:132.3,134.17 3 0
FactFinder/emulator/retroarch/client.go:134.17,139.4 4 0
FactFinder/emulator/retroarch/client.go:140.3,143.28 3 0
FactFinder/emulator/retroarch/client.go:143.28,145.4 1 0
FactFinder/emulator/retroarch/client.go:146.3,148.85 2 0
FactFinder/emulator/retroarch/client.go:148.85,149.49 1 0
FactFinder/emulator/retroarch/client.go:149.49,151.5 1 0
FactFinder/emulator/retroarch/client.go:153.4,153.70 1 0
FactFinder/emulator/retroarch/client.go:156.3,159.15 3 0
FactFinder/emulator/retroarch/client.go:160.10,161.22 1 0
FactFinder/emulator/retroarch/client.go:162.10,163.47 1 0
FactFinder/emulator/retroarch/client.go:164.10,165.47 1 0
FactFinder/emulator/retroarch/client.go:166.10,167.39 1 0
FactFinder/emulator/retroarch/client.go:168.11,169.55 1 0
FactFinder/emulator/retroarch/client.go:172.3,172.20 1 0
FactFinder/emulator/retroarch/client.go:173.20,174.36 1 0
FactFinder/emulator/retroarch/client.go:175.21,176.62 1 0
FactFinder/emulator/retroarch/client.go:177.21,178.62 1 0
FactFinder/emulator/retroarch/client.go:179.21,180.55 1 0
FactFinder/emulator/retroarch/client.go:181.62,182.20 1 0
FactFinder/emulator/retroarch/client.go:183.22,184.21 1 0
FactFinder/emulator/retroarch/client.go:185.27,186.22 1 0
FactFinder/emulator/retroarch/client.go:186.22,188.5 1 0
FactFinder/emulator/retroarch/client.go:189.4,189.39 1 0
FactFinder/emulator/retroarch/client.go:192.3,192.27 1 0
FactFinder/emulator/retroarch/client.go:195.2,196.18 2 0
FactFinder/emulator/retroarch/client.go:199.64,201.2 1 0
FactFinder/emulator/retroarch/client.go:203.39,205.2 1 0
FactFinder/emulator/retroarch/hex.go:8.27,10.2 1 0
FactFinder/emulator/retroarch/hex.go:12.41,13.9 1 0
FactFinder/emulator/retroarch/hex.go:14.28,15.23 1 0
FactFinder/emulator/retroarch/hex.go:16.28,17.28 1 0
FactFinder/emulator/retroarch/hex.go:18.28,19.28 1 0
FactFinder/emulator/retroarch/hex.go:20.10,21.18 1 0
FactFinder/emulator/retroarch/hex.go:27.39,29.38 1 0
FactFinder/emulator/retroarch/hex.go:29.38,31.3 1 0
FactFinder/emulator/retroarch/hex.go:33.2,33.39 1 0
FactFinder/emulator/retroarch/hex.go:33.39,35.3 1 0
FactFinder/emulator/retroarch/hex.go:37.2,37.38 1 0
FactFinder/emulator/retroarch/hex.go:37.38,39.3 1 0
FactFinder/emulator/retroarch/hex.go:40.2,40.10 1 0
FactFinder/emulator/retroarch/hex.go:45.62,47.38 1 0
FactFinder/emulator/retroarch/hex.go:47.38,49.3 1 0
FactFinder/emulator/retroarch/hex.go:50.2,50.20 1 0
FactFinder/emulator/retroarch/hex.go:50.20,52.3 1 0
FactFinder/emulator/retroarch/hex.go:54.2,55.9 2 0
FactFinder/emulator/retroarch/hex.go:55.9,57.3 1 0
FactFinder/emulator/retroarch/hex.go:58.2,59.9 2 0
FactFinder/emulator/retroarch/hex.go:59.9,61.3 1 0
FactFinder/emulator/retroarch/hex.go:62.2,66.39 3 0
FactFinder/emulator/retroarch/hex.go:66.39,68.3 1 0
FactFinder/emulator/retroarch/hex.go:69.2,69.38 1 0
FactFinder/emulator/retroarch/hex.go:69.38,71.3 1 0
FactFinder/emulator/retroarch/hex.go:73.2,73.18 1 0
FactFinder/emulator/retroarch/hex.go:80.82,87.37 4 0
FactFinder/emulator/retroarch/hex.go:87.37,89.3 1 0
FactFinder/emulator/retroarch/hex.go:91.2,91.28 1 0
FactFinder/emulator/retroarch/hex.go:91.28,93.17 2 0
FactFinder/emulator/retroarch/hex.go:93.17,95.4 1 0
FactFinder/emulator/retroarch/hex.go:96.3,97.9 2 0
FactFinder/emulator/retroarch/hex.go:100.2,100.12 1 0
FactFinder/emulator/retroarch/hex.go:103.50,106.12 1 0
FactFinder/emulator/retroarch/hex.go:106.12,108.3 1 0
FactFinder/emulator/retroarch/hex.go:111.2,114.13 3 0
FactFinder/emulator/retroarch/hex.go:114.13,117.13 3 0
FactFinder/emulator/retroarch/hex.go:117.13,119.4 1 0
FactFinder/emulator/retroarch/hex.go:119.9,121.4 1 0
FactFinder/emulator/retroarch/hex.go:122.3,122.10 1 0
FactFinder/emulator/retroarch/hex.go:125.2,125.32 1 0
FactFinder/app.go:40.33,48.2 1 0
FactFinder/app.go:52.44,54.12 2 0
FactFinder/app.go:54.12,56.7 2 0
FactFinder/app.go:56.7,58.11 2 0
FactFinder/app.go:58.11,60.5 1 0
FactFinder/app.go:62.4,64.14 3 0
FactFinder/app.go:64.14,67.5 2 0
FactFinder/app.go:69.4,69.56 1 0
FactFinder/app.go:73.2,73.12 1 0
FactFinder/app.go:73.12,75.17 2 0
FactFinder/app.go:75.17,78.4 2 0
FactFinder/app.go:82.59,84.16 2 0
FactFinder/app.go:84.16,86.3 1 0
FactFinder/app.go:88.2,88.19 1 0
FactFinder/app.go:91.40,93.2 1 0
FactFinder/app.go:95.46,97.16 2 0
FactFinder/app.go:97.16,99.3 1 0
FactFinder/app.go:100.2,100.25 1 0
FactFinder/app.go:100.25,102.3 1 0
FactFinder/app.go:104.2,105.16 2 0
FactFinder/app.go:105.16,107.3 1 0
FactFinder/app.go:109.2,111.16 3 0
FactFinder/app.go:111.16,113.3 1 0
FactFinder/app.go:115.2,115.12 1 0
FactFinder/app.go:118.27,120.2 1 0
FactFinder/app.go:122.28,124.29 2 0
FactFinder/app.go:124.29,127.17 3 0
FactFinder/app.go:128.62,129.50 1 0
FactFinder/app.go:130.62,131.50 1 0
FactFinder/app.go:132.22,133.42 1 0
FactFinder/app.go:134.27,135.57 1 0
FactFinder/app.go:137.3,140.4 1 0
FactFinder/app.go:143.2,143.51 1 0
FactFinder/app.go:146.43,152.27 2 0
FactFinder/app.go:152.27,154.3 1 0
FactFinder/app.go:157.2,158.6 2 0
FactFinder/app.go:158.6,159.79 1 0
FactFinder/app.go:159.79,162.12 3 0
FactFinder/app.go:165.3,165.8 1 0
FactFinder/app.go:168.2,170.12 2 0
FactFinder/app.go:170.12,171.7 1 0
FactFinder/app.go:171.7,174.25 1 0
FactFinder/app.go:174.25,179.13 5 0
FactFinder/app.go:182.4,182.9 1 0
FactFinder/app.go:185.3,188.22 4 0
FactFinder/app.go:188.22,191.64 1 0
FactFinder/app.go:191.64,197.81 5 0
FactFinder/app.go:197.81,200.14 3 0
FactFinder/app.go:204.5,204.43 1 0
FactFinder/app.go:208.4,209.18 2 0
FactFinder/app.go:209.18,213.50 1 0
FactFinder/app.go:213.50,218.14 4 0
FactFinder/app.go:222.5,223.13 2 0
FactFinder/app.go:226.4,231.18 5 0
FactFinder/app.go:231.18,233.13 2 0
FactFinder/app.go:236.4,239.18 4 0
FactFinder/app.go:243.2,243.12 1 0
FactFinder/main.go:17.13,19.16 2 0
FactFinder/main.go:19.16,20.13 1 0
FactFinder/main.go:23.2,24.16 2 0
FactFinder/main.go:24.16,25.13 1 0
FactFinder/main.go:28.2,48.16 5 0
FactFinder/main.go:48.16,50.3 1 0
FactFinder/processing/engine.go:46.39,48.16 2 0
FactFinder/processing/engine.go:48.16,49.13 1 0
FactFinder/processing/engine.go:52.2,53.16 2 0
FactFinder/processing/engine.go:53.16,54.13 1 0
FactFinder/processing/engine.go:57.2,65.12 2 0
FactFinder/processing/engine.go:65.12,69.22 3 0
FactFinder/processing/engine.go:69.22,72.4 2 0
FactFinder/processing/engine.go:75.2,75.34 1 0
FactFinder/processing/engine.go:78.26,79.16 1 0
FactFinder/processing/engine.go:79.16,81.3 1 0
FactFinder/processing/engine.go:82.2,84.14 3 0
FactFinder/processing/engine.go:87.44,89.2 1 0
FactFinder/processing/engine.go:91.71,95.36 3 0
FactFinder/processing/engine.go:95.36,96.33 1 0
FactFinder/processing/engine.go:96.33,99.4 2 0
FactFinder/processing/engine.go:99.9,102.4 2 0
FactFinder/processing/engine.go:105.2,105.65 1 0
FactFinder/processing/engine.go:105.65,112.17 5 0
FactFinder/processing/engine.go:112.17,116.4 3 0
FactFinder/processing/engine.go:117.3,118.11 2 0
FactFinder/processing/engine.go:121.2,121.65 1 0
FactFinder/processing/engine.go:121.65,128.17 5 0
FactFinder/processing/engine.go:128.17,132.4 3 0
FactFinder/processing/engine.go:133.3,134.11 2 0
FactFinder/processing/engine.go:137.2,137.65 1 0
FactFinder/processing/engine.go:137.65,144.17 5 0
FactFinder/processing/engine.go:144.17,148.4 3 0
FactFinder/processing/engine.go:149.3,150.11 2 0
FactFinder/processing/engine.go:153.2,153.41 1 0
FactFinder/processing/engine.go:153.41,155.3 1 0
FactFinder/processing/engine.go:157.2,158.33 2 0
FactFinder/processing/engine.go:158.33,160.3 1 0
FactFinder/processing/engine.go:160.8,162.3 1 0
FactFinder/processing/engine.go:164.2,164.12 1 0
FactFinder/processing/engine.go:167.40,171.9 3 0
FactFinder/processing/engine.go:171.9,173.3 1 0
FactFinder/processing/engine.go:175.2,175.36 1 0
FactFinder/processing/engine.go:175.36,177.3 1 0
FactFinder/processing/engine.go:179.2,179.38 1 0
FactFinder/processing/engine.go:179.38,181.3 1 0
FactFinder/processing/engine.go:183.2,183.12 1 0
FactFinder/processing/engine.go:186.63,187.34 1 0
FactFinder/processing/engine.go:187.34,192.35 3 0
FactFinder/processing/engine.go:192.35,194.12 2 0
FactFinder/processing/engine.go:197.3,197.12 1 0
FactFinder/processing/engine.go:198.27,200.56 2 0
FactFinder/processing/engine.go:201.22,203.49 2 0
FactFinder/processing/engine.go:204.62,206.55 2 0
FactFinder/processing/engine.go:207.11,209.53 2 0
FactFinder/processing/engine.go:212.3,212.28 1 0
FactFinder/processing/engine.go:215.2,220.16 2 0
FactFinder/processing/engine.go:220.16,222.3 1 0
FactFinder/processing/engine.go:223.2,223.12 1 0
FactFinder/processing/engine.go:226.31,231.16 4 0
FactFinder/processing/engine.go:231.16,235.3 3 0
FactFinder/processing/engine.go:237.2,240.31 4 0
FactFinder/processing/engine.go:240.31,244.3 3 0
FactFinder/processing/engine.go:245.2,246.13 2 0
FactFinder/processing/engine.go:249.61,256.16 7 0
FactFinder/processing/engine.go:256.16,258.3 1 0
FactFinder/processing/engine.go:258.8,260.3 1 0
FactFinder/processing/engine.go:261.2,263.16 2 0
FactFinder/processing/engine.go:266.54,268.9 2 0
FactFinder/processing/engine.go:269.54,269.54 0 0
FactFinder/processing/engine.go:270.10,270.10 0 0
FactFinder/emulator/nwa/nwa_client.go:26.59,29.16 3 0
FactFinder/emulator/nwa/nwa_client.go:29.16,31.3 1 0
FactFinder/emulator/nwa/nwa_client.go:33.2,34.16 2 0
FactFinder/emulator/nwa/nwa_client.go:34.16,36.3 1 0
FactFinder/emulator/nwa/nwa_client.go:38.2,42.8 1 0
FactFinder/emulator/nwa/nwa_client.go:45.91,48.22 3 0
FactFinder/emulator/nwa/nwa_client.go:48.22,50.3 1 0
FactFinder/emulator/nwa/nwa_client.go:50.8,52.3 1 0
FactFinder/emulator/nwa/nwa_client.go:54.2,55.16 2 0
FactFinder/emulator/nwa/nwa_client.go:55.16,57.3 1 0
FactFinder/emulator/nwa/nwa_client.go:59.2,59.21 1 0
FactFinder/emulator/nwa/nwa_client.go:62.71,65.22 3 0
FactFinder/emulator/nwa/nwa_client.go:65.22,67.3 1 0
FactFinder/emulator/nwa/nwa_client.go:67.8,69.3 1 0
FactFinder/emulator/nwa/nwa_client.go:72.2,72.46 1 0
FactFinder/emulator/nwa/nwa_client.go:97.30,100.2 1 0
FactFinder/emulator/nwa/nwa_client.go:102.50,104.16 2 0
FactFinder/emulator/nwa/nwa_client.go:104.16,106.3 1 0
FactFinder/emulator/nwa/nwa_client.go:107.2,108.18 2 0
FactFinder/emulator/nwa/nwa_client.go:126.56,129.16 3 0
FactFinder/emulator/nwa/nwa_client.go:129.16,130.20 1 0
FactFinder/emulator/nwa/nwa_client.go:130.20,132.4 1 0
FactFinder/emulator/nwa/nwa_client.go:133.3,133.18 1 0
FactFinder/emulator/nwa/nwa_client.go:138.2,138.23 1 0
FactFinder/emulator/nwa/nwa_client.go:138.23,140.7 2 0
FactFinder/emulator/nwa/nwa_client.go:140.7,142.18 2 0
FactFinder/emulator/nwa/nwa_client.go:142.18,144.5 1 0
FactFinder/emulator/nwa/nwa_client.go:145.4,145.22 1 0
FactFinder/emulator/nwa/nwa_client.go:145.22,146.10 1 0
FactFinder/emulator/nwa/nwa_client.go:148.4,148.46 1 0
FactFinder/emulator/nwa/nwa_client.go:148.46,150.5 1 0
FactFinder/emulator/nwa/nwa_client.go:151.4,151.23 1 0
FactFinder/emulator/nwa/nwa_client.go:151.23,152.10 1 0
FactFinder/emulator/nwa/nwa_client.go:154.4,155.24 2 0
FactFinder/emulator/nwa/nwa_client.go:155.24,157.5 1 0
FactFinder/emulator/nwa/nwa_client.go:158.4,160.26 3 0
FactFinder/emulator/nwa/nwa_client.go:162.3,162.38 1 0
FactFinder/emulator/nwa/nwa_client.go:162.38,165.29 3 0
FactFinder/emulator/nwa/nwa_client.go:165.29,167.21 2 0
FactFinder/emulator/nwa/nwa_client.go:168.27,169.27 1 0
FactFinder/emulator/nwa/nwa_client.go:170.28,171.28 1 0
FactFinder/emulator/nwa/nwa_client.go:172.29,173.29 1 0
FactFinder/emulator/nwa/nwa_client.go:174.24,175.24 1 0
FactFinder/emulator/nwa/nwa_client.go:176.13,177.26 1 0
FactFinder/emulator/nwa/nwa_client.go:179.5,182.11 1 0
FactFinder/emulator/nwa/nwa_client.go:183.10,188.5 1 0
FactFinder/emulator/nwa/nwa_client.go:190.3,190.30 1 0
FactFinder/emulator/nwa/nwa_client.go:194.2,194.20 1 0
FactFinder/emulator/nwa/nwa_client.go:194.20,197.27 3 0
FactFinder/emulator/nwa/nwa_client.go:197.27,199.4 1 0
FactFinder/emulator/nwa/nwa_client.go:200.3,203.17 4 0
FactFinder/emulator/nwa/nwa_client.go:203.17,205.4 1 0
FactFinder/emulator/nwa/nwa_client.go:206.3,206.19 1 0
FactFinder/emulator/nwa/nwa_client.go:209.2,209.41 1 0
FactFinder/emulator/nwa/nwa_splitter.go:43.153,54.28 10 0
FactFinder/emulator/nwa/nwa_splitter.go:54.28,66.3 3 0
FactFinder/emulator/nwa/nwa_splitter.go:69.2,69.41 1 0
FactFinder/emulator/nwa/nwa_splitter.go:69.41,78.30 5 0
FactFinder/emulator/nwa/nwa_splitter.go:78.30,79.33 1 0
FactFinder/emulator/nwa/nwa_splitter.go:79.33,80.13 1 0
FactFinder/emulator/nwa/nwa_splitter.go:83.4,90.44 5 0
FactFinder/emulator/nwa/nwa_splitter.go:90.44,93.41 3 0
FactFinder/emulator/nwa/nwa_splitter.go:93.41,94.28 1 0
FactFinder/emulator/nwa/nwa_splitter.go:95.32,96.39 1 0
FactFinder/emulator/nwa/nwa_splitter.go:97.30,98.39 1 0
FactFinder/emulator/nwa/nwa_splitter.go:100.11,101.88 1 0
FactFinder/emulator/nwa/nwa_splitter.go:101.88,103.7 1 0
FactFinder/emulator/nwa/nwa_splitter.go:103.12,105.7 1 0
FactFinder/emulator/nwa/nwa_splitter.go:107.10,107.53 1 0
FactFinder/emulator/nwa/nwa_splitter.go:107.53,110.41 3 0
FactFinder/emulator/nwa/nwa_splitter.go:110.41,111.28 1 0
FactFinder/emulator/nwa/nwa_splitter.go:112.32,113.39 1 0
FactFinder/emulator/nwa/nwa_splitter.go:114.30,115.39 1 0
FactFinder/emulator/nwa/nwa_splitter.go:117.11,118.88 1 0
FactFinder/emulator/nwa/nwa_splitter.go:118.88,120.7 1 0
FactFinder/emulator/nwa/nwa_splitter.go:120.12,122.7 1 0
FactFinder/emulator/nwa/nwa_splitter.go:124.10,124.51 1 0
FactFinder/emulator/nwa/nwa_splitter.go:124.51,127.41 3 0
FactFinder/emulator/nwa/nwa_splitter.go:127.41,128.28 1 0
FactFinder/emulator/nwa/nwa_splitter.go:129.32,130.39 1 0
FactFinder/emulator/nwa/nwa_splitter.go:131.30,132.39 1 0
FactFinder/emulator/nwa/nwa_splitter.go:134.11,135.88 1 0
FactFinder/emulator/nwa/nwa_splitter.go:135.88,137.7 1 0
FactFinder/emulator/nwa/nwa_splitter.go:137.12,139.7 1 0
FactFinder/emulator/nwa/nwa_splitter.go:141.10,141.51 1 0
FactFinder/emulator/nwa/nwa_splitter.go:141.51,144.41 3 0
FactFinder/emulator/nwa/nwa_splitter.go:144.41,145.28 1 0
FactFinder/emulator/nwa/nwa_splitter.go:146.32,147.39 1 0
FactFinder/emulator/nwa/nwa_splitter.go:148.30,149.39 1 0
FactFinder/emulator/nwa/nwa_splitter.go:151.11,152.88 1 0
FactFinder/emulator/nwa/nwa_splitter.go:152.88,154.7 1 0
FactFinder/emulator/nwa/nwa_splitter.go:154.12,156.7 1 0
FactFinder/emulator/nwa/nwa_splitter.go:158.10,158.51 1 0
FactFinder/emulator/nwa/nwa_splitter.go:158.51,161.41 3 0
FactFinder/emulator/nwa/nwa_splitter.go:161.41,162.28 1 0
FactFinder/emulator/nwa/nwa_splitter.go:163.32,164.39 1 0
FactFinder/emulator/nwa/nwa_splitter.go:165.30,166.39 1 0
FactFinder/emulator/nwa/nwa_splitter.go:169.10,169.51 1 0
FactFinder/emulator/nwa/nwa_splitter.go:169.51,172.41 3 0
FactFinder/emulator/nwa/nwa_splitter.go:172.41,173.28 1 0
FactFinder/emulator/nwa/nwa_splitter.go:174.32,175.39 1 0
FactFinder/emulator/nwa/nwa_splitter.go:176.30,177.39 1 0
FactFinder/emulator/nwa/nwa_splitter.go:180.10,180.51 1 0
FactFinder/emulator/nwa/nwa_splitter.go:180.51,183.41 3 0
FactFinder/emulator/nwa/nwa_splitter.go:183.41,184.28 1 0
FactFinder/emulator/nwa/nwa_splitter.go:185.32,186.39 1 0
FactFinder/emulator/nwa/nwa_splitter.go:187.30,188.39 1 0
FactFinder/emulator/nwa/nwa_splitter.go:193.4,193.60 1 0
FactFinder/emulator/nwa/nwa_splitter.go:196.3,196.59 1 0
FactFinder/emulator/nwa/nwa_splitter.go:200.2,200.41 1 0
FactFinder/emulator/nwa/nwa_splitter.go:200.41,209.30 5 0
FactFinder/emulator/nwa/nwa_splitter.go:209.30,210.33 1 0
FactFinder/emulator/nwa/nwa_splitter.go:210.33,211.13 1 0
FactFinder/emulator/nwa/nwa_splitter.go:214.4,221.44 5 0
FactFinder/emulator/nwa/nwa_splitter.go:221.44,224.41 3 0
FactFinder/emulator/nwa/nwa_splitter.go:224.41,225.28 1 0
FactFinder/emulator/nwa/nwa_splitter.go:226.32,227.39 1 0
FactFinder/emulator/nwa/nwa_splitter.go:228.30,229.39 1 0
FactFinder/emulator/nwa/nwa_splitter.go:231.11,232.88 1 0
FactFinder/emulator/nwa/nwa_splitter.go:232.88,234.7 1 0
FactFinder/emulator/nwa/nwa_splitter.go:234.12,236.7 1 0
FactFinder/emulator/nwa/nwa_splitter.go:238.10,238.53 1 0
FactFinder/emulator/nwa/nwa_splitter.go:238.53,241.41 3 0
FactFinder/emulator/nwa/nwa_splitter.go:241.41,242.28 1 0
FactFinder/emulator/nwa/nwa_splitter.go:243.32,244.39 1 0
FactFinder/emulator/nwa/nwa_splitter.go:245.30,246.39 1 0
FactFinder/emulator/nwa/nwa_splitter.go:248.11,249.88 1 0
FactFinder/emulator/nwa/nwa_splitter.go:249.88,251.7 1 0
FactFinder/emulator/nwa/nwa_splitter.go:251.12,253.7 1 0
FactFinder/emulator/nwa/nwa_splitter.go:255.10,255.51 1 0
FactFinder/emulator/nwa/nwa_splitter.go:255.51,258.41 3 0
FactFinder/emulator/nwa/nwa_splitter.go:258.41,259.28 1 0
FactFinder/emulator/nwa/nwa_splitter.go:260.32,261.39 1 0
FactFinder/emulator/nwa/nwa_splitter.go:262.30,263.39 1 0
FactFinder/emulator/nwa/nwa_splitter.go:265.11,266.88 1 0
FactFinder/emulator/nwa/nwa_splitter.go:266.88,268.7 1 0
FactFinder/emulator/nwa/nwa_splitter.go:268.12,270.7 1 0
FactFinder/emulator/nwa/nwa_splitter.go:272.10,272.51 1 0
FactFinder/emulator/nwa/nwa_splitter.go:272.51,275.41 3 0
FactFinder/emulator/nwa/nwa_splitter.go:275.41,276.28 1 0
FactFinder/emulator/nwa/nwa_splitter.go:277.32,278.39 1 0
FactFinder/emulator/nwa/nwa_splitter.go:279.30,280.39 1 0
FactFinder/emulator/nwa/nwa_splitter.go:282.11,283.88 1 0
FactFinder/emulator/nwa/nwa_splitter.go:283.88,285.7 1 0
FactFinder/emulator/nwa/nwa_splitter.go:285.12,287.7 1 0
FactFinder/emulator/nwa/nwa_splitter.go:289.10,289.51 1 0
FactFinder/emulator/nwa/nwa_splitter.go:289.51,292.41 3 0
FactFinder/emulator/nwa/nwa_splitter.go:292.41,293.28 1 0
FactFinder/emulator/nwa/nwa_splitter.go:294.32,295.39 1 0
FactFinder/emulator/nwa/nwa_splitter.go:296.30,297.39 1 0
FactFinder/emulator/nwa/nwa_splitter.go:300.10,300.51 1 0
FactFinder/emulator/nwa/nwa_splitter.go:300.51,303.41 3 0
FactFinder/emulator/nwa/nwa_splitter.go:303.41,304.28 1 0
FactFinder/emulator/nwa/nwa_splitter.go:305.32,306.39 1 0
FactFinder/emulator/nwa/nwa_splitter.go:307.30,308.39 1 0
FactFinder/emulator/nwa/nwa_splitter.go:311.10,311.51 1 0
FactFinder/emulator/nwa/nwa_splitter.go:311.51,314.41 3 0
FactFinder/emulator/nwa/nwa_splitter.go:314.41,315.28 1 0
FactFinder/emulator/nwa/nwa_splitter.go:316.32,317.39 1 0
FactFinder/emulator/nwa/nwa_splitter.go:318.30,319.39 1 0
FactFinder/emulator/nwa/nwa_splitter.go:324.4,324.60 1 0
FactFinder/emulator/nwa/nwa_splitter.go:327.3,327.59 1 0
FactFinder/emulator/nwa/nwa_splitter.go:331.2,331.41 1 0
FactFinder/emulator/nwa/nwa_splitter.go:331.41,340.30 5 0
FactFinder/emulator/nwa/nwa_splitter.go:340.30,341.33 1 0
FactFinder/emulator/nwa/nwa_splitter.go:341.33,342.13 1 0
FactFinder/emulator/nwa/nwa_splitter.go:345.4,352.44 5 0
FactFinder/emulator/nwa/nwa_splitter.go:352.44,355.41 3 0
FactFinder/emulator/nwa/nwa_splitter.go:355.41,356.28 1 0
FactFinder/emulator/nwa/nwa_splitter.go:357.32,358.39 1 0
FactFinder/emulator/nwa/nwa_splitter.go:359.30,360.39 1 0
FactFinder/emulator/nwa/nwa_splitter.go:362.11,363.88 1 0
FactFinder/emulator/nwa/nwa_splitter.go:363.88,365.7 1 0
FactFinder/emulator/nwa/nwa_splitter.go:365.12,367.7 1 0
FactFinder/emulator/nwa/nwa_splitter.go:369.10,369.53 1 0
FactFinder/emulator/nwa/nwa_splitter.go:369.53,372.41 3 0
FactFinder/emulator/nwa/nwa_splitter.go:372.41,373.28 1 0
FactFinder/emulator/nwa/nwa_splitter.go:374.32,375.39 1 0
FactFinder/emulator/nwa/nwa_splitter.go:376.30,377.39 1 0
FactFinder/emulator/nwa/nwa_splitter.go:379.11,380.88 1 0
FactFinder/emulator/nwa/nwa_splitter.go:380.88,382.7 1 0
FactFinder/emulator/nwa/nwa_splitter.go:382.12,384.7 1 0
FactFinder/emulator/nwa/nwa_splitter.go:386.10,386.51 1 0
FactFinder/emulator/nwa/nwa_splitter.go:386.51,389.41 3 0
FactFinder/emulator/nwa/nwa_splitter.go:389.41,390.28 1 0
FactFinder/emulator/nwa/nwa_splitter.go:391.32,392.39 1 0
FactFinder/emulator/nwa/nwa_splitter.go:393.30,394.39 1 0
FactFinder/emulator/nwa/nwa_splitter.go:396.11,397.88 1 0
FactFinder/emulator/nwa/nwa_splitter.go:397.88,399.7 1 0
FactFinder/emulator/nwa/nwa_splitter.go:399.12,401.7 1 0
FactFinder/emulator/nwa/nwa_splitter.go:403.10,403.51 1 0
FactFinder/emulator/nwa/nwa_splitter.go:403.51,406.41 3 0
FactFinder/emulator/nwa/nwa_splitter.go:406.41,407.28 1 0
FactFinder/emulator/nwa/nwa_splitter.go:408.32,409.39 1 0
FactFinder/emulator/nwa/nwa_splitter.go:410.30,411.39 1 0
FactFinder/emulator/nwa/nwa_splitter.go:413.11,414.88 1 0
FactFinder/emulator/nwa/nwa_splitter.go:414.88,416.7 1 0
FactFinder/emulator/nwa/nwa_splitter.go:416.12,418.7 1 0
FactFinder/emulator/nwa/nwa_splitter.go:420.10,420.51 1 0
FactFinder/emulator/nwa/nwa_splitter.go:420.51,423.41 3 0
FactFinder/emulator/nwa/nwa_splitter.go:423.41,424.28 1 0
FactFinder/emulator/nwa/nwa_splitter.go:425.32,426.39 1 0
FactFinder/emulator/nwa/nwa_splitter.go:427.30,428.39 1 0
FactFinder/emulator/nwa/nwa_splitter.go:431.10,431.51 1 0
FactFinder/emulator/nwa/nwa_splitter.go:431.51,434.41 3 0
FactFinder/emulator/nwa/nwa_splitter.go:434.41,435.28 1 0
FactFinder/emulator/nwa/nwa_splitter.go:436.32,437.39 1 0
FactFinder/emulator/nwa/nwa_splitter.go:438.30,439.39 1 0
FactFinder/emulator/nwa/nwa_splitter.go:442.10,442.51 1 0
FactFinder/emulator/nwa/nwa_splitter.go:442.51,445.41 3 0
FactFinder/emulator/nwa/nwa_splitter.go:445.41,446.28 1 0
FactFinder/emulator/nwa/nwa_splitter.go:447.32,448.39 1 0
FactFinder/emulator/nwa/nwa_splitter.go:449.30,450.39 1 0
FactFinder/emulator/nwa/nwa_splitter.go:455.4,455.60 1 0
FactFinder/emulator/nwa/nwa_splitter.go:458.3,458.59 1 0
FactFinder/emulator/nwa/nwa_splitter.go:462.31,466.16 4 0
FactFinder/emulator/nwa/nwa_splitter.go:466.16,469.3 1 0
FactFinder/emulator/nwa/nwa_splitter.go:470.2,470.30 1 0
FactFinder/emulator/nwa/nwa_splitter.go:473.30,477.16 4 0
FactFinder/emulator/nwa/nwa_splitter.go:477.16,480.3 1 0
FactFinder/emulator/nwa/nwa_splitter.go:481.2,481.30 1 0
FactFinder/emulator/nwa/nwa_splitter.go:484.34,487.16 3 0
FactFinder/emulator/nwa/nwa_splitter.go:487.16,490.3 1 0
FactFinder/emulator/nwa/nwa_splitter.go:491.2,491.30 1 0
FactFinder/emulator/nwa/nwa_splitter.go:494.32,497.16 3 0
FactFinder/emulator/nwa/nwa_splitter.go:497.16,500.3 1 0
FactFinder/emulator/nwa/nwa_splitter.go:501.2,501.30 1 0
FactFinder/emulator/nwa/nwa_splitter.go:504.31,507.16 3 0
FactFinder/emulator/nwa/nwa_splitter.go:507.16,510.3 1 0
FactFinder/emulator/nwa/nwa_splitter.go:511.2,511.30 1 0
FactFinder/emulator/nwa/nwa_splitter.go:514.35,517.16 3 0
FactFinder/emulator/nwa/nwa_splitter.go:517.16,520.3 1 0
FactFinder/emulator/nwa/nwa_splitter.go:521.2,521.30 1 0
FactFinder/emulator/nwa/nwa_splitter.go:524.39,527.16 3 0
FactFinder/emulator/nwa/nwa_splitter.go:527.16,530.3 1 0
FactFinder/emulator/nwa/nwa_splitter.go:531.2,531.30 1 0
FactFinder/emulator/nwa/nwa_splitter.go:534.39,538.16 3 0
FactFinder/emulator/nwa/nwa_splitter.go:538.16,541.3 1 0
FactFinder/emulator/nwa/nwa_splitter.go:542.2,542.30 1 0
FactFinder/emulator/nwa/nwa_splitter.go:547.60,553.38 4 0
FactFinder/emulator/nwa/nwa_splitter.go:553.38,556.3 2 0
FactFinder/emulator/nwa/nwa_splitter.go:558.2,560.16 3 0
FactFinder/emulator/nwa/nwa_splitter.go:560.16,562.3 1 0
FactFinder/emulator/nwa/nwa_splitter.go:563.2,565.29 2 0
FactFinder/emulator/nwa/nwa_splitter.go:566.14,569.39 2 0
FactFinder/emulator/nwa/nwa_splitter.go:569.39,571.16 2 0
FactFinder/emulator/nwa/nwa_splitter.go:572.11,574.25 2 0
FactFinder/emulator/nwa/nwa_splitter.go:575.11,577.25 2 0
FactFinder/emulator/nwa/nwa_splitter.go:578.11,579.16 1 0
FactFinder/emulator/nwa/nwa_splitter.go:580.11,582.25 2 0
FactFinder/emulator/nwa/nwa_splitter.go:583.11,584.16 1 0
FactFinder/emulator/nwa/nwa_splitter.go:585.11,586.16 1 0
FactFinder/emulator/nwa/nwa_splitter.go:587.11,588.16 1 0
FactFinder/emulator/nwa/nwa_splitter.go:589.11,591.25 2 0
FactFinder/emulator/nwa/nwa_splitter.go:595.13,596.25 1 0
FactFinder/emulator/nwa/nwa_splitter.go:597.10,598.25 1 0
FactFinder/emulator/nwa/nwa_splitter.go:601.2,609.8 4 0
FactFinder/emulator/nwa/nwa_splitter.go:619.33,621.38 2 0
FactFinder/emulator/nwa/nwa_splitter.go:621.38,625.30 3 0
FactFinder/emulator/nwa/nwa_splitter.go:625.30,629.4 3 0
FactFinder/emulator/nwa/nwa_splitter.go:630.3,630.17 1 0
FactFinder/emulator/nwa/nwa_splitter.go:630.17,633.4 2 0
FactFinder/emulator/nwa/nwa_splitter.go:635.2,635.14 1 0
FactFinder/emulator/nwa/nwa_splitter.go:639.33,641.38 2 0
FactFinder/emulator/nwa/nwa_splitter.go:641.38,645.30 3 0
FactFinder/emulator/nwa/nwa_splitter.go:645.30,649.4 3 0
FactFinder/emulator/nwa/nwa_splitter.go:650.3,650.17 1 0
FactFinder/emulator/nwa/nwa_splitter.go:650.17,653.4 2 0
FactFinder/emulator/nwa/nwa_splitter.go:655.2,655.14 1 0
FactFinder/emulator/nwa/nwa_splitter.go:659.42,664.52 4 0
FactFinder/emulator/nwa/nwa_splitter.go:664.52,668.3 3 0
FactFinder/emulator/nwa/nwa_splitter.go:669.2,669.16 1 0
FactFinder/emulator/nwa/nwa_splitter.go:669.16,672.3 2 0
FactFinder/emulator/nwa/nwa_splitter.go:673.2,673.14 1 0
FactFinder/emulator/nwa/nwa_splitter.go:677.86,678.34 1 0
FactFinder/emulator/nwa/nwa_splitter.go:678.34,679.36 1 0
FactFinder/emulator/nwa/nwa_splitter.go:679.36,681.4 1 0
FactFinder/emulator/nwa/nwa_splitter.go:683.2,683.12 1 0
FactFinder/emulator/nwa/nwa_splitter.go:687.32,689.16 2 0
FactFinder/emulator/nwa/nwa_splitter.go:689.16,692.3 2 0
FactFinder/emulator/nwa/nwa_splitter.go:693.2,694.17 2 0
FactFinder/emulator/nwa/nwa_splitter.go:697.74,698.15 1 0
FactFinder/emulator/nwa/nwa_splitter.go:699.14,700.14 1 0
FactFinder/emulator/nwa/nwa_splitter.go:701.14,702.41 1 0
FactFinder/emulator/nwa/nwa_splitter.go:702.41,704.4 1 0
FactFinder/emulator/nwa/nwa_splitter.go:704.9,706.4 1 0
FactFinder/emulator/nwa/nwa_splitter.go:707.14,708.14 1 0
FactFinder/emulator/nwa/nwa_splitter.go:709.14,710.44 1 0
FactFinder/emulator/nwa/nwa_splitter.go:710.44,712.4 1 0
FactFinder/emulator/nwa/nwa_splitter.go:712.9,714.4 1 0
FactFinder/emulator/nwa/nwa_splitter.go:715.14,716.14 1 0
FactFinder/emulator/nwa/nwa_splitter.go:717.14,718.42 1 0
FactFinder/emulator/nwa/nwa_splitter.go:718.42,720.4 1 0
FactFinder/emulator/nwa/nwa_splitter.go:720.9,722.4 1 0
FactFinder/emulator/nwa/nwa_splitter.go:723.14,724.14 1 0
FactFinder/emulator/nwa/nwa_splitter.go:725.14,726.41 1 0
FactFinder/emulator/nwa/nwa_splitter.go:726.41,728.4 1 0
FactFinder/emulator/nwa/nwa_splitter.go:728.9,730.4 1 0
FactFinder/emulator/nwa/nwa_splitter.go:731.14,732.14 1 0
FactFinder/emulator/nwa/nwa_splitter.go:733.14,734.44 1 0
FactFinder/emulator/nwa/nwa_splitter.go:734.44,736.4 1 0
FactFinder/emulator/nwa/nwa_splitter.go:736.9,738.4 1 0
FactFinder/emulator/nwa/nwa_splitter.go:739.14,740.14 1 0
FactFinder/emulator/nwa/nwa_splitter.go:741.14,742.42 1 0
FactFinder/emulator/nwa/nwa_splitter.go:742.42,744.4 1 0
FactFinder/emulator/nwa/nwa_splitter.go:744.9,746.4 1 0
FactFinder/emulator/nwa/nwa_splitter.go:747.14,748.14 1 0
FactFinder/emulator/nwa/nwa_splitter.go:749.14,750.41 1 0
FactFinder/emulator/nwa/nwa_splitter.go:750.41,752.4 1 0
FactFinder/emulator/nwa/nwa_splitter.go:752.9,754.4 1 0
FactFinder/emulator/nwa/nwa_splitter.go:755.14,756.14 1 0
FactFinder/emulator/nwa/nwa_splitter.go:757.14,758.44 1 0
FactFinder/emulator/nwa/nwa_splitter.go:758.44,760.4 1 0
FactFinder/emulator/nwa/nwa_splitter.go:760.9,762.4 1 0
FactFinder/emulator/nwa/nwa_splitter.go:763.14,764.14 1 0
FactFinder/emulator/nwa/nwa_splitter.go:765.14,766.42 1 0
FactFinder/emulator/nwa/nwa_splitter.go:766.42,768.4 1 0
FactFinder/emulator/nwa/nwa_splitter.go:768.9,770.4 1 0
FactFinder/emulator/nwa/nwa_splitter.go:771.14,772.14 1 0
FactFinder/emulator/nwa/nwa_splitter.go:773.14,774.41 1 0
FactFinder/emulator/nwa/nwa_splitter.go:774.41,776.4 1 0
FactFinder/emulator/nwa/nwa_splitter.go:776.9,778.4 1 0
FactFinder/emulator/nwa/nwa_splitter.go:779.14,780.14 1 0
FactFinder/emulator/nwa/nwa_splitter.go:781.14,782.44 1 0
FactFinder/emulator/nwa/nwa_splitter.go:782.44,784.4 1 0
FactFinder/emulator/nwa/nwa_splitter.go:784.9,786.4 1 0
FactFinder/emulator/nwa/nwa_splitter.go:787.14,788.14 1 0
FactFinder/emulator/nwa/nwa_splitter.go:789.14,790.42 1 0
FactFinder/emulator/nwa/nwa_splitter.go:790.42,792.4 1 0
FactFinder/emulator/nwa/nwa_splitter.go:792.9,794.4 1 0
FactFinder/emulator/nwa/nwa_splitter.go:795.14,796.42 1 0
FactFinder/emulator/nwa/nwa_splitter.go:796.42,798.4 1 0
FactFinder/emulator/nwa/nwa_splitter.go:798.9,800.4 1 0
FactFinder/emulator/nwa/nwa_splitter.go:801.14,802.44 1 0
FactFinder/emulator/nwa/nwa_splitter.go:802.44,804.4 1 0
FactFinder/emulator/nwa/nwa_splitter.go:804.9,806.4 1 0
FactFinder/emulator/nwa/nwa_splitter.go:807.14,808.42 1 0
FactFinder/emulator/nwa/nwa_splitter.go:808.42,810.4 1 0
FactFinder/emulator/nwa/nwa_splitter.go:810.9,812.4 1 0
FactFinder/emulator/nwa/nwa_splitter.go:813.14,814.44 1 0
FactFinder/emulator/nwa/nwa_splitter.go:814.44,816.4 1 0
FactFinder/emulator/nwa/nwa_splitter.go:816.9,818.4 1 0
FactFinder/emulator/nwa/nwa_splitter.go:843.10,844.15 1 0
